<?xml version="1.0" encoding="UTF-8"?>
<!-- Generated by org.testng.reporters.JUnitXMLReporter -->
<testsuite hostname="RACD-002157" ignored="0" name="Test" tests="4" failures="4" timestamp="22 Jan 2019 04:17:42 GMT" time="10.987" errors="0">
  <testcase name="SelectServerName" time="0.006" classname="apexweb.qa.TestClass.LoginTest">
    <failure type="java.lang.RuntimeException" message="java.lang.InstantiationException: apexweb.qa.TestPage.LoginPage">
      <![CDATA[java.lang.RuntimeException: java.lang.InstantiationException: apexweb.qa.TestPage.LoginPage
at org.openqa.selenium.support.PageFactory.instantiatePage(PageFactory.java:134)
at org.openqa.selenium.support.PageFactory.initElements(PageFactory.java:64)
at apexweb.qa.TestClass.LoginTest.SelectServerName(LoginTest.java:17)
Caused by: java.lang.InstantiationException: apexweb.qa.TestPage.LoginPage
at java.lang.Class.newInstance(Class.java:427)
at org.openqa.selenium.support.PageFactory.instantiatePage(PageFactory.java:131)
... 27 more
Caused by: java.lang.NoSuchMethodException: apexweb.qa.TestPage.LoginPage.<init>()
at java.lang.Class.getConstructor0(Class.java:3082)
at java.lang.Class.newInstance(Class.java:412)
... 28 more
... Removed 25 stack frames]]>
    </failure>
  </testcase> <!-- SelectServerName -->
  <testcase name="EnterUserName" time="0.003" classname="apexweb.qa.TestClass.LoginTest">
    <failure type="java.lang.NullPointerException">
      <![CDATA[java.lang.NullPointerException
at apexweb.qa.TestClass.LoginTest.EnterUserName(LoginTest.java:24)
... Removed 25 stack frames]]>
    </failure>
  </testcase> <!-- EnterUserName -->
  <testcase name="EnterPassWord" time="0.001" classname="apexweb.qa.TestClass.LoginTest">
    <failure type="java.lang.NullPointerException">
      <![CDATA[java.lang.NullPointerException
at apexweb.qa.TestClass.LoginTest.EnterPassWord(LoginTest.java:30)
... Removed 25 stack frames]]>
    </failure>
  </testcase> <!-- EnterPassWord -->
  <testcase name="ClickOnLogin" time="0.006" classname="apexweb.qa.TestClass.LoginTest">
    <failure type="java.lang.NullPointerException">
      <![CDATA[java.lang.NullPointerException
at apexweb.qa.TestClass.LoginTest.ClickOnLogin(LoginTest.java:36)
... Removed 25 stack frames]]>
    </failure>
  </testcase> <!-- ClickOnLogin -->
</testsuite> <!-- Test -->
